{"numTotalTestSuites":2,"numPassedTestSuites":0,"numFailedTestSuites":2,"numPendingTestSuites":0,"numTotalTests":22,"numPassedTests":0,"numFailedTests":1,"numPendingTests":21,"numTodoTests":0,"snapshot":{"added":0,"failure":false,"filesAdded":0,"filesRemoved":0,"filesRemovedList":[],"filesUnmatched":0,"filesUpdated":0,"matched":0,"total":0,"unchecked":0,"uncheckedKeysByFile":[],"unmatched":0,"updated":0,"didUpdate":false},"startTime":1790167347048,"success":false,"testResults":[{"assertionResults":[{"ancestorTitles":["TaskBoard"],"fullName":"TaskBoard renders tasks under their correct status columns","status":"skipped","title":"renders tasks under their correct status columns","failureMessages":[],"meta":{},"tags":[],"benchmarks":[]},{"ancestorTitles":["TaskBoard"],"fullName":"TaskBoard places tasks in columns matching their status","status":"skipped","title":"places tasks in columns matching their status","failureMessages":[],"meta":{},"tags":[],"benchmarks":[]},{"ancestorTitles":["TaskBoard"],"fullName":"TaskBoard opens the edit dialog and populates task fields when Edit is clicked","status":"skipped","title":"opens the edit dialog and populates task fields when Edit is clicked","failureMessages":[],"meta":{},"tags":[],"benchmarks":[]},{"ancestorTitles":["TaskBoard"],"fullName":"TaskBoard validates an empty title before saving an edit","status":"skipped","title":"validates an empty title before saving an edit","failureMessages":[],"meta":{},"tags":[],"benchmarks":[]},{"ancestorTitles":["TaskBoard"],"fullName":"TaskBoard updates a task title and description via the edit form","status":"failed","title":"updates a task title and description via the edit form","duration":335.26762499999995,"failureMessages":["TestingLibraryElementError: Unable to find a label with the text of: Description\n\nIgnored nodes: comments, script, style\n\u001b[36m<body>\u001b[39m\n  \u001b[36m<div>\u001b[39m\n    \u001b[36m<div\u001b[39m\n      \u001b[33mclass\u001b[39m=\u001b[32m\"task-board\"\u001b[39m\n    \u001b[36m>\u001b[39m\n      \u001b[36m<div\u001b[39m\n        \u001b[33mclass\u001b[39m=\u001b[32m\"board-header\"\u001b[39m\n      \u001b[36m>\u001b[39m\n        \u001b[36m<button\u001b[39m\n          \u001b[33maria-label\u001b[39m=\u001b[32m\"Open navigation\"\u001b[39m\n          \u001b[33mclass\u001b[39m=\u001b[32m\"btn btn-ghost board-menu-toggle menu-toggle\"\u001b[39m\n        \u001b[36m>\u001b[39m\n          \u001b[0m☰\u001b[0m\n        \u001b[36m</button>\u001b[39m\n        \u001b[36m<h1\u001b[39m\n          \u001b[33mclass\u001b[39m=\u001b[32m\"board-title\"\u001b[39m\n        \u001b[36m>\u001b[39m\n          \u001b[0mTest Board\u001b[0m\n        \u001b[36m</h1>\u001b[39m\n        \u001b[36m<div\u001b[39m\n          \u001b[33maria-label\u001b[39m=\u001b[32m\"Filter tasks by status\"\u001b[39m\n          \u001b[33mclass\u001b[39m=\u001b[32m\"status-filter\"\u001b[39m\n          \u001b[33mrole\u001b[39m=\u001b[32m\"group\"\u001b[39m\n        \u001b[36m>\u001b[39m\n          \u001b[36m<button\u001b[39m\n            \u001b[33maria-pressed\u001b[39m=\u001b[32m\"true\"\u001b[39m\n            \u001b[33mclass\u001b[39m=\u001b[32m\"status-filter-btn is-active\"\u001b[39m\n            \u001b[33mtype\u001b[39m=\u001b[32m\"button\"\u001b[39m\n          \u001b[36m>\u001b[39m\n            \u001b[0mAll\u001b[0m\n          \u001b[36m</button>\u001b[39m\n          \u001b[36m<button\u001b[39m\n            \u001b[33maria-pressed\u001b[39m=\u001b[32m\"false\"\u001b[39m\n            \u001b[33mclass\u001b[39m=\u001b[32m\"status-filter-btn\"\u001b[39m\n            \u001b[33mtype\u001b[39m=\u001b[32m\"button\"\u001b[39m\n          \u001b[36m>\u001b[39m\n            \u001b[0mTo Do\u001b[0m\n          \u001b[36m</button>\u001b[39m\n          \u001b[36m<button\u001b[39m\n            \u001b[33maria-pressed\u001b[39m=\u001b[32m\"false\"\u001b[39m\n            \u001b[33mclass\u001b[39m=\u001b[32m\"status-filter-btn\"\u001b[39m\n            \u001b[33mtype\u001b[39m=\u001b[32m\"button\"\u001b[39m\n          \u001b[36m>\u001b[39m\n            \u001b[0mIn Progress\u001b[0m\n          \u001b[36m</button>\u001b[39m\n          \u001b[36m<button\u001b[39m\n            \u001b[33maria-pressed\u001b[39m=\u001b[32m\"false\"\u001b[39m\n            \u001b[33mclass\u001b[39m=\u001b[32m\"status-filter-btn\"\u001b[39m\n            \u001b[33mtype\u001b[39m=\u001b[32m\"button\"\u001b[39m\n          \u001b[36m>\u001b[39m\n            \u001b[0mDone\u001b[0m\n          \u001b[36m</button>\u001b[39m\n        \u001b[36m</div>\u001b[39m\n        \u001b[36m<button\u001b[39m\n          \u001b[33maria-label\u001b[39m=\u001b[32m\"Add a new task\"\u001b[39m\n          \u001b[33mclass\u001b[39m=\u001b[32m\"btn btn-primary\"\u001b[39m\n          \u001b[33mtype\u001b[39m=\u001b[32m\"button\"\u001b[39m\n        \u001b[36m>\u001b[39m\n          \u001b[0m+ Add task\u001b[0m\n        \u001b[36m</button>\u001b[39m\n      \u001b[36m</div>\u001b[39m\n      \u001b[36m<dialog\u001b[39m\n        \u001b[33maria-labelledby\u001b[39m=\u001b[32m\"dialog-title-label\"\u001b[39m\n        \u001b[33mclass\u001b[39m=\u001b[32m\"task-dialog\"\u001b[39m\n        \u001b[33mopen\u001b[39m=\u001b[32m\"\"\u001b[39m\n      \u001b[36m>\u001b[39m\n        \u001b[36m<div\u001b[39m\n          \u001b[33mclass\u001b[39m=\u001b[32m\"dialog-header\"\u001b[39m\n        \u001b[36m>\u001b[39m\n          \u001b[36m<h2\u001b[39m\n            \u001b[33mclass\u001b[39m=\u001b[32m\"dialog-title\"\u001b[39m\n            \u001b[33mid\u001b[39m=\u001b[32m\"dialog-title-label\"\u001b[39m\n          \u001b[36m>\u001b[39m\n            \u001b[0mEdit task\u001b[0m\n          \u001b[36m</h2>\u001b[39m\n          \u001b[36m<button\u001b[39m\n            \u001b[33maria-label\u001b[39m=\u001b[32m\"Close dialog\"\u001b[39m\n            \u001b[33mclass\u001b[39m=\u001b[32m\"dialog-close\"\u001b[39m\n            \u001b[33mtype\u001b[39m=\u001b[32m\"button\"\u001b[39m\n          \u001b[36m>\u001b[39m\n            \u001b[0m✕\u001b[0m\n          \u001b[36m</button>\u001b[39m\n        \u001b[36m</div>\u001b[39m\n        \u001b[36m<form\u001b[39m\n          \u001b[33mnovalidate\u001b[39m=\u001b[32m\"\"\u001b[39m\n        \u001b[36m>\u001b[39m\n          \u001b[36m<div\u001b[39m\n            \u001b[33mclass\u001b[39m=\u001b[32m\"dialog-body\"\u001b[39m\n          \u001b[36m>\u001b[39m\n            \u001b[36m<div\u001b[39m\n              \u001b[33mclass\u001b[39m=\u001b[32m\"dialog-field\"\u001b[39m\n            \u001b[36m>\u001b[39m\n              \u001b[36m<label\u001b[39m\n                \u001b[33mclass\u001b[39m=\u001b[32m\"dialog-label\"\u001b[39m\n                \u001b[33mfor\u001b[39m=\u001b[32m\"task-title\"\u001b[39m\n              \u001b[36m>\u001b[39m\n                \u001b[0mTitle\u001b[0m\n              \u001b[36m</label>\u001b[39m\n              \u001b[36m<input\u001b[39m\n                \u001b[33maria-invalid\u001b[39m=\u001b[32m\"false\"\u001b[39m\n                \u001b[33mclass\u001b[39m=\u001b[32m\"input\"\u001b[39m\n                \u001b[33mid\u001b[39m=\u001b[32m\"task-title\"\u001b[39m\n                \u001b[33mplaceholder\u001b[39m=\u001b[32m\"What needs to be done?\"\u001b[39m\n                \u001b[33mrequired\u001b[39m=\u001b[32m\"\"\u001b[39m\n                \u001b[33mtype\u001b[39m=\u001b[32m\"text\"\u001b[39m\n                \u001b[33mvalue\u001b[39m=\u001b[32m\"Updated Title\"\u001b[39m\n              \u001b[36m/>\u001b[39m\n            \u001b[36m</div>\u001b[39m\n            \u001b[36m<div\u001b[39m\n              \u001b[33mclass\u001b[39m=\u001b[32m\"dialog-field\"\u001b[39m\n            \u001b[36m>\u001b[39m\n              \u001b[36m<label\u001b[39m\n                \u001b[33mclass\u001b[39m=\u001b[32m\"dialog-label\"\u001b[39m\n                \u001b[33mfor\u001b[39m=\u001b[32m\"task-description\"\u001b[39m\n              \u001b[36m>\u001b[39m\n                \u001b[0mDescription\u001b[0m\n                \u001b[36m<span\u001b[39m\n                  \u001b[33mclass\u001b[39m=\u001b[32m\"dialog-label-optional\"\u001b[39m\n                \u001b[36m>\u001b[39m\n                  \u001b[0m(optional)\u001b[0m\n                \u001b[36m</span>\u001b[39m\n              \u001b[36m</label>\u001b[39m\n              \u001b[36m<textarea\u001b[39m\n                \u001b[33mclass\u001b[39m=\u001b[32m\"input dialog-textarea\"\u001b[39m\n                \u001b[33mid\u001b[39m=\u001b[32m\"task-description\"\u001b[39m\n                \u001b[33mplaceholder\u001b[39m=\u001b[32m\"Add more detail…\"\u001b[39m\n                \u001b[33mrows\u001b[39m=\u001b[32m\"3\"\u001b[39m\n              \u001b[36m/>\u001b[39m\n            \u001b[36m</div>\u001b[39m\n          \u001b[36m</div>\u001b[39m\n          \u001b[36m<div\u001b[39m\n            \u001b[33mclass\u001b[39m=\u001b[32m\"dialog-footer\"\u001b[39m\n          \u001b[36m>\u001b[39m\n            \u001b[36m<button\u001b[39m\n              \u001b[33mclass\u001b[39m=\u001b[32m\"btn btn-secondary\"\u001b[39m\n              \u001b[33mtype\u001b[39m=\u001b[32m\"button\"\u001b[39m\n            \u001b[36m>\u001b[39m\n              \u001b[0mCancel\u001b[0m\n            \u001b[36m</button>\u001b[39m\n            \u001b[36m<button\u001b[39m\n              \u001b[33mclass\u001b[39m=\u001b[32m\"btn btn-primary\"\u001b[39m\n              \u001b[33mtype\u001b[39m=\u001b[32m\"submit\"\u001b[39m\n            \u001b[36m>\u001b[39m\n              \u001b[0mSave\u001b[0m\n            \u001b[36m</button>\u001b[39m\n          \u001b[36m</div>\u001b[39m\n        \u001b[36m</form>\u001b[39m\n      \u001b[36m</dialog>\u001b[39m\n      \u001b[36m<div\u001b[39m\n        \u001b[33mclass\u001b[39m=\u001b[32m\"kanban-board\"\u001b[39m\n      \u001b[36m>\u001b[39m\n        \u001b[36m<div\u001b[39m\n          \u001b[33mclass\u001b[39m=\u001b[32m\"kanban-column kanban-column--todo\"\u001b[39m\n          \u001b[33mdata-column-status\u001b[39m=\u001b[32m\"TODO\"\u001b[39m\n        \u001b[36m>\u001b[39m\n          \u001b[36m<div\u001b[39m\n            \u001b[33mclass\u001b[39m=\u001b[32m\"column-header\"\u001b[39m\n          \u001b[36m>\u001b[39m\n            \u001b[36m<span\u001b[39m\n              \u001b[33mclass\u001b[39m=\u001b[32m\"column-title\"\u001b[39m\n            \u001b[36m>\u001b[39m\n              \u001b[0mTo Do\u001b[0m\n            \u001b[36m</span>\u001b[39m\n            \u001b[36m<span\u001b[39m\n              \u001b[33maria-label\u001b[39m=\u001b[32m\"1 tasks\"\u001b[39m\n              \u001b[33mclass\u001b[39m=\u001b[32m\"column-badge\"\u001b[39m\n            \u001b[36m>\u001b[39m\n              \u001b[0m1\u001b[0m\n            \u001b[36m</span>\u001b[39m\n          \u001b[36m</div>\u001b[39m\n          \u001b[36m<div\u001b[39m\n            \u001b[33mclass\u001b[39m=\u001b[32m\"column-task-list\"\u001b[39m\n          \u001b[36m>\u001b[39m\n            \u001b[36m<div\u001b[39m\n              \u001b[33mclass\u001b[39m=\u001b[32m\"task-card\"\u001b[39m\n              \u001b[33mdata-task-id\u001b[39m=\u001b[32m\"task-1\"\u001b[39m\n              \u001b[33mdata-task-status\u001b[39m=\u001b[32m\"TODO\"\u001b[39m\n              \u001b[33mdraggable\u001b[39m=\u001b[32m\"true\"\u001b[39m\n            \u001b[36m>\u001b[39m\n              \u001b[36m<div\u001b[39m\n                \u001b[33mclass\u001b[39m=\u001b[32m\"task-card-header\"\u001b[39m\n              \u001b[36m>\u001b[39m\n                \u001b[36m<span\u001b[39m\n                  \u001b[33mclass\u001b[39m=\u001b[32m\"task-card-title\"\u001b[39m\n                \u001b[36m>\u001b[39m\n                  \u001b[0mTodo Task\u001b[0m\n                \u001b[36m</span>\u001b[39m\n                \u001b[36m<div\u001b[39m\n                  \u001b[33mclass\u001b[39m=\u001b[32m\"task-card-actions\"\u001b[39m\n                \u001b[36m>\u001b[39m\n                  \u001b[36m<button\u001b[39m\n                    \u001b[33maria-label\u001b[39m=\u001b[32m\"Edit task: Todo Task\"\u001b[39m\n                    \u001b[33mclass\u001b[39m=\u001b[32m\"btn-icon task-edit-btn\"\u001b[39m\n                    \u001b[33mtitle\u001b[39m=\u001b[32m\"Edit task\"\u001b[39m\n                    \u001b[33mtype\u001b[39m=\u001b[32m\"button\"\u001b[39m\n                  \u001b[36m>\u001b[39m\n                    \u001b[0mEdit\u001b[0m\n                  \u001b[36m</button>\u001b[39m\n                  \u001b[36m<button\u001b[39m\n                    \u001b[33maria-label\u001b[39m=\u001b[32m\"Delete task: Todo Task\"\u001b[39m\n                    \u001b[33mclass\u001b[39m=\u001b[32m\"btn-icon task-delete-btn\"\u001b[39m\n                    \u001b[33mtitle\u001b[39m=\u001b[32m\"Delete task\"\u001b[39m\n                  \u001b[36m>\u001b[39m\n                    \u001b[0m✕\u001b[0m\n                  \u001b[36m</button>\u001b[39m\n                \u001b[36m</div>\u001b[39m\n              \u001b[36m</div>\u001b[39m\n              \u001b[36m<div\u001b[39m\n                \u001b[33mclass\u001b[39m=\u001b[32m\"task-card-footer\"\u001b[39m\n              \u001b[36m>\u001b[39m\n                \u001b[36m<span\u001b[39m\n                  \u001b[33mclass\u001b[39m=\u001b[32m\"task-card-date\"\u001b[39m\n                \u001b[36m>\u001b[39m\n                  \u001b[0mJan 1, 2024, 07:00\u001b[0m\n                \u001b[36m</span>\u001b[39m\n                \u001b[36m<label\u001b[39m\n                  \u001b[33maria-label\u001b[39m=\u001b[32m\"Status for Todo Task\"\u001b[39m\n                  \u001b[33mclass\u001b[39m=\u001b[32m\"task-status-label\"\u001b[39m\n                \u001b[36m>\u001b[39m\n                  \u001b[36m<select\u001b[39m\n                    \u001b[33maria-label\u001b[39m=\u001b[32m\"Change status of \\\"Todo Task\\\"\"\u001b[39m\n                    \u001b[33mclass\u001b[39m=\u001b[32m\"task-status-select\"\u001b[39m\n                  \u001b[36m>\u001b[39m\n                    \u001b[36m<option\u001b[39m\n                      \u001b[33mvalue\u001b[39m=\u001b[32m\"TODO\"\u001b[39m\n                    \u001b[36m>\u001b[39m\n                      \u001b[0mTo Do\u001b[0m\n                    \u001b[36m</option>\u001b[39m\n                    \u001b[36m<option\u001b[39m\n                      \u001b[33mvalue\u001b[39m=\u001b[32m\"IN_PROGRESS\"\u001b[39m\n                    \u001b[36m>\u001b[39m\n                      \u001b[0mIn Progress\u001b[0m\n                    \u001b[36m</option>\u001b[39m\n                    \u001b[36m<option\u001b[39m\n                      \u001b[33mvalue\u001b[39m=\u001b[32m\"DONE\"\u001b[39m\n                    \u001b[36m>\u001b[39m\n                      \u001b[0mDone\u001b[0m\n                    \u001b[36m</option>\u001b[39m\n                  \u001b[36m</select>\u001b[39m\n                \u001b[36m</label>\u001b[39m\n              \u001b[36m</div>\u001b[39m\n            \u001b[36m</div>\u001b[39m\n          \u001b[36m</div>\u001b[39m\n        \u001b[36m</div>\u001b[39m\n        \u001b[36m<div\u001b[39m\n          \u001b[33mclass\u001b[39m=\u001b[32m\"kanban-column kanban-column--in-progress\"\u001b[39m\n          \u001b[33mdata-column-status\u001b[39m=\u001b[32m\"IN_PROGRESS\"\u001b[39m\n        \u001b[36m>\u001b[39m\n          \u001b[36m<div\u001b[39m\n            \u001b[33mclass\u001b[39m=\u001b[32m\"column-header\"\u001b[39m\n          \u001b[36m>\u001b[39m\n            \u001b[36m<span\u001b[39m\n              \u001b[33mclass\u001b[39m=\u001b[32m\"column-title\"\u001b[39m\n            \u001b[36m>\u001b[39m\n              \u001b[0mIn Progress\u001b[0m\n            \u001b[36m</span>\u001b[39m\n            \u001b[36m<span\u001b[39m\n              \u001b[33maria-label\u001b[39m=\u001b[32m\"1 tasks\"\u001b[39m\n              \u001b[33mclass\u001b[39m=\u001b[32m\"column-badge\"\u001b[39m\n            \u001b[36m>\u001b[39m\n              \u001b[0m1\u001b[0m\n            \u001b[36m</span>\u001b[39m\n          \u001b[36m</div>\u001b[39m\n          \u001b[36m<div\u001b[39m\n            \u001b[33mclass\u001b[39m=\u001b[32m\"column-task-list\"\u001b[39m\n          \u001b[36m>\u001b[39m\n            \u001b[36m<div\u001b[39m\n              \u001b[33mclass\u001b[39m=\u001b[32m\"task-card\"\u001b[39m\n              \u001b[33mdata-task-id\u001b[39m=\u001b[32m\"task-2\"\u001b[39m\n              \u001b[33mdata-task-status\u001b[39m=\u001b[32m\"IN_PROGRESS\"\u001b[39m\n              \u001b[33mdraggable\u001b[39m=\u001b[32m\"true\"\u001b[39m\n            \u001b[36m>\u001b[39m\n              \u001b[36m<div\u001b[39m\n                \u001b[33mclass\u001b[39m=\u001b[32m\"task-card-header\"\u001b[39m\n              \u001b[36m>\u001b[39m\n                \u001b[36m<span\u001b[39m\n                  \u001b[33mclass\u001b[39m=\u001b[32m\"task-card-title\"\u001b[39m\n                \u001b[36m>\u001b[39m\n                  \u001b[0mProgress Task\u001b[0m\n                \u001b[36m</span>\u001b[39m\n                \u001b[36m<div\u001b[39m\n                  \u001b[33mclass\u001b[39m=\u001b[32m\"task-card-actions\"\u001b[39m\n                \u001b[36m>\u001b[39m\n                  \u001b[36m<button\u001b[39m\n                    \u001b[33maria-label\u001b[39m=\u001b[32m\"Edit task: Progress Task\"\u001b[39m\n                    \u001b[33mclass\u001b[39m=\u001b[32m\"btn-icon task-edit-btn\"\u001b[39m\n                    \u001b[33mtitle\u001b[39m=\u001b[32m\"Edit task\"\u001b[39m\n                    \u001b[33mtype\u001b[39m=\u001b[32m\"button\"\u001b[39m\n                  \u001b[36m>\u001b[39m\n                    \u001b[0mEdit\u001b[0m\n                  \u001b[36m</button>\u001b[39m\n                  \u001b[36m<button\u001b[39m\n                    \u001b[33maria-label\u001b[39m=\u001b[32m\"Delete task: Progress Task\"\u001b[39m\n                    \u001b[33mclass\u001b[39m=\u001b[32m\"btn-icon task-delete-btn\"\u001b[39m\n                    \u001b[33mtitle\u001b[39m=\u001b[32m\"Delete task\"\u001b[39m\n                  \u001b[36m>\u001b[39m\n                    \u001b[0m✕\u001b[0m\n                  \u001b[36m</button>\u001b[39m\n                \u001b[36m</div>\u001b[39m\n              \u001b[36m</div>\u001b[39m\n              \u001b[36m<p\u001b[39m\n                \u001b[33mclass\u001b[39m=\u001b[32m\"task-card-description\"\u001b[39m\n              \u001b[36m>\u001b[39m\n                \u001b[0mA description\u001b[0m\n              \u001b[36m</p>\u001b[39m\n              \u001b[36m<div\u001b[39m\n                \u001b[33mclass\u001b[39m=\u001b[32m\"task-card-footer\"\u001b[39m\n              \u001b[36m>\u001b[39m\n                \u001b[36m<span\u001b[39m\n                  \u001b[33mclass\u001b[39m=\u001b[32m\"task-card-date\"\u001b[39m\n                \u001b[36m>\u001b[39m\n                  \u001b[0mJan 1, 2024, 07:00\u001b[0m\n                \u001b[36m</span>\u001b[39m\n                \u001b[36m<label\u001b[39m\n                  \u001b[33maria-label\u001b[39m=\u001b[32m\"Status for Progress Task\"\u001b[39m\n                  \u001b[33mclass\u001b[39m=\u001b[32m\"task-status-label\"\u001b[39m\n                \u001b[36m>\u001b[39m\n                  \u001b[36m<select\u001b[39m\n                    \u001b[33maria-label\u001b[39m=\u001b[32m\"Change status of \\\"Progress Task\\\"\"\u001b[39m\n                    \u001b[33mclass\u001b[39m=\u001b[32m\"task-status-select\"\u001b[39m\n                  \u001b[36m>\u001b[39m\n                    \u001b[36m<option\u001b[39m\n                      \u001b[33mvalue\u001b[39m=\u001b[32m\"TODO\"\u001b[39m\n                    \u001b[36m>\u001b[39m\n                      \u001b[0mTo Do\u001b[0m\n                    \u001b[36m</option>\u001b[39m\n                    \u001b[36m<option\u001b[39m\n                      \u001b[33mvalue\u001b[39m=\u001b[32m\"IN_PROGRESS\"\u001b[39m\n                    \u001b[36m>\u001b[39m\n                      \u001b[0mIn Progress\u001b[0m\n                    \u001b[36m</option>\u001b[39m\n                    \u001b[36m<option\u001b[39m\n                      \u001b[33mvalue\u001b[39m=\u001b[32m\"DONE\"\u001b[39m\n                    \u001b[36m>\u001b[39m\n                      \u001b[0mDone\u001b[0m\n                    \u001b[36m</option>\u001b[39m\n                  \u001b[36m</select>\u001b[39m\n                \u001b[36m</label>\u001b[39m\n              \u001b[36m</div>\u001b[39m\n            \u001b[36m</div>\u001b[39m\n          \u001b[36m</div>\u001b[39m\n        \u001b[36m</div>\u001b[39m\n        \u001b[36m<div\u001b[39m\n          \u001b[33mclass\u001b[39m=\u001b[32m\"kanban-column kanban-column--done\"\u001b[39m\n          \u001b[33mdata-column-status\u001b[39m=\u001b[32m\"DONE\"\u001b[39m\n        \u001b[36m>\u001b[39m\n          \u001b[36m<div\u001b[39m\n            \u001b[33mclass\u001b[39m=\u001b[32m\"column-header\"\u001b[39m\n          \u001b[36m>\u001b[39m\n            \u001b[36m<span\u001b[39m\n              \u001b[33mclass\u001b[39m=\u001b[32m\"column-title\"\u001b[39m\n            \u001b[36m>\u001b[39m\n              \u001b[0mDone\u001b[0m\n            \u001b[36m</span>\u001b[39m\n            \u001b[36m<span\u001b[39m\n              \u001b[33maria-label\u001b[39m=\u001b[32m\"1 tasks\"\u001b[39m\n              \u001b[33mclass\u001b[39m=\u001b[32m\"column-badge\"\u001b[39m\n            \u001b[36m>\u001b[39m\n              \u001b[0m1\u001b[0m\n            \u001b[36m</span>\u001b[39m\n          \u001b[36m</div>\u001b[39m\n          \u001b[36m<div\u001b[39m\n            \u001b[33mclass\u001b[39m=\u001b[32m\"column-task-list\"\u001b[39m\n          \u001b[36m>\u001b[39m\n            \u001b[36m<div\u001b[39m\n              \u001b[33mclass\u001b[39m=\u001b[32m\"task-card\"\u001b[39m\n              \u001b[33mdata-task-id\u001b[39m=\u001b[32m\"task-3\"\u001b[39m\n              \u001b[33mdata-task-status\u001b[39m=\u001b[32m\"DONE\"\u001b[39m\n              \u001b[33mdraggable\u001b[39m=\u001b[32m\"true\"\u001b[39m\n            \u001b[36m>\u001b[39m\n              \u001b[36m<div\u001b[39m\n                \u001b[33mclass\u001b[39m=\u001b[32m\"task-card-header\"\u001b[39m\n              \u001b[36m>\u001b[39m\n                \u001b[36m<span\u001b[39m\n                  \u001b[33mclass\u001b[39m=\u001b[32m\"task-card-title\"\u001b[39m\n                \u001b[36m>\u001b[39m\n                  \u001b[0mDone Task\u001b[0m\n                \u001b[36m</span>\u001b[39m\n                \u001b[36m<div\u001b[39m\n                  \u001b[33mclass\u001b[39m=\u001b[32m\"task-card-actions\"\u001b[39m\n                \u001b[36m>\u001b[39m\n                  \u001b[36m<button\u001b[39m\n                    \u001b[33maria-label\u001b[39m=\u001b[32m\"Edit task: Done Task\"\u001b[39m\n                    \u001b[33mclass\u001b[39m=\u001b[32m\"btn-icon task-edit-btn\"\u001b[39m\n                    \u001b[33mtitle\u001b[39m=\u001b[32m\"Edit task\"\u001b[39m\n                    \u001b[33mtype\u001b[39m=\u001b[32m\"button\"\u001b[39m\n                  \u001b[36m>\u001b[39m\n                    \u001b[0mEdit\u001b[0m\n                  \u001b[36m</button>\u001b[39m\n                  \u001b[36m<button\u001b[39m\n                    \u001b[33maria-label\u001b[39m=\u001b[32m\"Delete task: Done Task\"\u001b[39m\n                    \u001b[33mclass\u001b[39m=\u001b[32m\"btn-icon task-delete-btn\"\u001b[39m\n                    \u001b[33mtitle\u001b[39m=\u001b[32m\"Delete task\"\u001b[39m\n                  \u001b[36m>\u001b[39m\n                    \u001b[0m✕\u001b[0m\n                  \u001b[36m</button>\u001b[39m\n                \u001b[36m</div>\u001b[39m\n              \u001b[36m</div>\u001b[39m\n              \u001b[36m<div\u001b[39m\n                \u001b[33mclass\u001b[39m=\u001b[32m\"task-card-footer\"\u001b[39m\n              \u001b[36m>\u001b[39m\n                \u001b[36m<span\u001b[39m\n                  \u001b[33mclass\u001b[39m=\u001b[32m\"task-card-date\"\u001b[39m\n                \u001b[36m>\u001b[39m\n                  \u001b[0mJan 1, 2024, 07:00\u001b[0m\n                \u001b[36m</span>\u001b[39m\n                \u001b[36m<label\u001b[39m\n                  \u001b[33maria-label\u001b[39m=\u001b[32m\"Status for Done Task\"\u001b[39m\n                  \u001b[33mclass\u001b[39m=\u001b[32m\"task-status-label\"\u001b[39m\n                \u001b[36m>\u001b[39m\n                  \u001b[36m<select\u001b[39m\n                    \u001b[33maria-label\u001b[39m=\u001b[32m\"Change status of \\\"Done Task\\\"\"\u001b[39m\n                    \u001b[33mclass\u001b[39m=\u001b[32m\"task-status-select\"\u001b[39m\n                  \u001b[36m>\u001b[39m\n                    \u001b[36m<option\u001b[39m\n                      \u001b[33mvalue\u001b[39m=\u001b[32m\"TODO\"\u001b[39m\n                    \u001b[36m>\u001b[39m\n                      \u001b[0mTo Do\u001b[0m\n                    \u001b[36m</option>\u001b[39m\n                    \u001b[36m<option\u001b[39m\n                      \u001b[33mvalue\u001b[39m=\u001b[32m\"IN_PROGRESS\"\u001b[39m\n                    \u001b[36m>\u001b[39m\n                      \u001b[0mIn Progress\u001b[0m\n                    \u001b[36m</option>\u001b[39m\n                    \u001b[36m<option\u001b[39m\n                      \u001b[33mvalue\u001b[39m=\u001b[32m\"DONE\"\u001b[39m\n                    \u001b[36m>\u001b[39m\n                      \u001b[0mDone\u001b[0m\n                    \u001b[36m</option>\u001b[39m\n                  \u001b[36m</select>\u001b[39m\n                \u001b[36m</label>\u001b[39m\n              \u001b[36m</div>\u001b[39m\n            \u001b[36m</div>\u001b[39m\n          \u001b[36m</div>\u001b[39m\n        \u001b[36m</div>\u001b[39m\n      \u001b[36m</div>\u001b[39m\n      \u001b[36m<div\u001b[39m\n        \u001b[33maria-hidden\u001b[39m=\u001b[32m\"true\"\u001b[39m\n        \u001b[33mclass\u001b[39m=\u001b[32m\"delete-zone\"\u001b[39m\n        \u001b[33mrole\u001b[39m=\u001b[32m\"presentation\"\u001b[39m\n      \u001b[36m>\u001b[39m\n        \u001b[0m🗑 Drop here to delete\u001b[0m\n      \u001b[36m</div>\u001b[39m\n    \u001b[36m</div>\u001b[39m\n  \u001b[36m</div>\u001b[39m\n\u001b[36m</body>\u001b[39m\n    at Object.getElementError (/home/lintangad/Projects/wpp-fullstack-assessment/frontend/node_modules/@testing-library/dom/dist/config.js:37:19)\n    at getAllByLabelText (/home/lintangad/Projects/wpp-fullstack-assessment/frontend/node_modules/@testing-library/dom/dist/queries/label-text.js:111:38)\n    at /home/lintangad/Projects/wpp-fullstack-assessment/frontend/node_modules/@testing-library/dom/dist/query-helpers.js:52:17\n    at /home/lintangad/Projects/wpp-fullstack-assessment/frontend/node_modules/@testing-library/dom/dist/query-helpers.js:95:19\n    at /home/lintangad/Projects/wpp-fullstack-assessment/frontend/src/test/TaskBoard.test.tsx:154:28\n    at file:///home/lintangad/Projects/wpp-fullstack-assessment/frontend/node_modules/vitest/dist/chunks/run.C5UmxDPh.js:2783:20"],"meta":{},"tags":[],"benchmarks":[]},{"ancestorTitles":["TaskBoard"],"fullName":"TaskBoard shows the API error and keeps the edit dialog open when save fails","status":"skipped","title":"shows the API error and keeps the edit dialog open when save fails","failureMessages":[],"meta":{},"tags":[],"benchmarks":[]},{"ancestorTitles":["TaskBoard"],"fullName":"TaskBoard opens the task creation dialog when Add task is clicked","status":"skipped","title":"opens the task creation dialog when Add task is clicked","failureMessages":[],"meta":{},"tags":[],"benchmarks":[]},{"ancestorTitles":["TaskBoard"],"fullName":"TaskBoard closes the task creation dialog when Cancel is clicked","status":"skipped","title":"closes the task creation dialog when Cancel is clicked","failureMessages":[],"meta":{},"tags":[],"benchmarks":[]},{"ancestorTitles":["TaskBoard"],"fullName":"TaskBoard shows validation error for empty task title","status":"skipped","title":"shows validation error for empty task title","failureMessages":[],"meta":{},"tags":[],"benchmarks":[]},{"ancestorTitles":["TaskBoard"],"fullName":"TaskBoard shows validation error for whitespace-only task title","status":"skipped","title":"shows validation error for whitespace-only task title","failureMessages":[],"meta":{},"tags":[],"benchmarks":[]},{"ancestorTitles":["TaskBoard"],"fullName":"TaskBoard creates a task and closes dialog on valid submission","status":"skipped","title":"creates a task and closes dialog on valid submission","failureMessages":[],"meta":{},"tags":[],"benchmarks":[]},{"ancestorTitles":["TaskBoard"],"fullName":"TaskBoard hides tasks that do not match the selected filter","status":"skipped","title":"hides tasks that do not match the selected filter","failureMessages":[],"meta":{},"tags":[],"benchmarks":[]},{"ancestorTitles":["TaskBoard"],"fullName":"TaskBoard shows only the selected status column for the Done filter","status":"skipped","title":"shows only the selected status column for the Done filter","failureMessages":[],"meta":{},"tags":[],"benchmarks":[]},{"ancestorTitles":["TaskBoard"],"fullName":"TaskBoard shows only the empty filter state when the selected status has no tasks","status":"skipped","title":"shows only the empty filter state when the selected status has no tasks","failureMessages":[],"meta":{},"tags":[],"benchmarks":[]},{"ancestorTitles":["TaskBoard"],"fullName":"TaskBoard shows all tasks when All filter is selected","status":"skipped","title":"shows all tasks when All filter is selected","failureMessages":[],"meta":{},"tags":[],"benchmarks":[]},{"ancestorTitles":["TaskBoard"],"fullName":"TaskBoard calls taskApi.delete when delete button is clicked","status":"skipped","title":"calls taskApi.delete when delete button is clicked","failureMessages":[],"meta":{},"tags":[],"benchmarks":[]},{"ancestorTitles":["TaskBoard"],"fullName":"TaskBoard removes deleted task from the UI","status":"skipped","title":"removes deleted task from the UI","failureMessages":[],"meta":{},"tags":[],"benchmarks":[]},{"ancestorTitles":["TaskBoard"],"fullName":"TaskBoard calls taskApi.update when status select is changed","status":"skipped","title":"calls taskApi.update when status select is changed","failureMessages":[],"meta":{},"tags":[],"benchmarks":[]},{"ancestorTitles":["TaskBoard"],"fullName":"TaskBoard updates task status when a card is dropped into another column","status":"skipped","title":"updates task status when a card is dropped into another column","failureMessages":[],"meta":{},"tags":[],"benchmarks":[]},{"ancestorTitles":["TaskBoard"],"fullName":"TaskBoard shows error message when task loading fails","status":"skipped","title":"shows error message when task loading fails","failureMessages":[],"meta":{},"tags":[],"benchmarks":[]},{"ancestorTitles":["TaskBoard"],"fullName":"TaskBoard restores deleted task in UI when delete API fails","status":"skipped","title":"restores deleted task in UI when delete API fails","failureMessages":[],"meta":{},"tags":[],"benchmarks":[]},{"ancestorTitles":["TaskBoard"],"fullName":"TaskBoard restores previous status when status update API fails","status":"skipped","title":"restores previous status when status update API fails","failureMessages":[],"meta":{},"tags":[],"benchmarks":[]}],"startTime":1790167348192,"endTime":1790167348527.2676,"status":"failed","message":"","name":"/home/lintangad/Projects/wpp-fullstack-assessment/frontend/src/test/TaskBoard.test.tsx"}]}